2025-09-08 14:58:11: === Change Password Script Started ===
2025-09-08 14:58:11: OPTIONS request received
2025-09-08 14:58:11: === Change Password Script Started ===
2025-09-08 14:58:11: PDO connection established successfully
2025-09-08 14:58:11: Raw input data: {"action":"request_otp","user_id":102}
2025-09-08 14:58:11: Decoded data: Array
(
    [action] => request_otp
    [user_id] => 102
)

2025-09-08 14:58:11: Action requested: request_otp
2025-09-08 14:58:11: Processing request_otp action
2025-09-08 14:58:11: Requesting password change OTP for user_id: 102
2025-09-08 14:58:11: User found for password change request: hr@gmail.com
2025-09-08 14:58:11: Generated password change OTP: 559731, expires: 2025-09-08 15:08:11
2025-09-08 14:58:11: Password change OTP updated in database
2025-09-08 14:58:11: Attempting to send password change OTP to: hr@gmail.com
2025-09-08 14:58:13: Password change OTP email failed: SMTP Error: Could not authenticate.
2025-09-08 14:58:13: Exception details: SMTP Error: Could not authenticate.
2025-09-08 14:58:13: === Change Password Script Completed ===
2025-09-08 15:07:14: === Change Password Script Started ===
2025-09-08 15:07:14: OPTIONS request received
2025-09-08 15:07:14: === Change Password Script Started ===
2025-09-08 15:07:14: PDO connection established successfully
2025-09-08 15:07:14: Raw input data: {"action":"request_otp","user_id":131}
2025-09-08 15:07:14: Decoded data: Array
(
    [action] => request_otp
    [user_id] => 131
)

2025-09-08 15:07:14: Action requested: request_otp
2025-09-08 15:07:14: Processing request_otp action
2025-09-08 15:07:14: Requesting password change OTP for user_id: 131
2025-09-08 15:07:14: User found for password change request: emp1@gmail.com
2025-09-08 15:07:14: Generated password change OTP: 467570, expires: 2025-09-08 15:17:14
2025-09-08 15:07:14: Password change OTP updated in database
2025-09-08 15:07:14: Attempting to send password change OTP to: emp1@gmail.com
2025-09-08 15:07:16: Password change OTP email failed: SMTP Error: Could not authenticate.
2025-09-08 15:07:16: Exception details: SMTP Error: Could not authenticate.
2025-09-08 15:07:16: === Change Password Script Completed ===
2025-09-08 15:07:35: === Change Password Script Started ===
2025-09-08 15:07:35: OPTIONS request received
2025-09-08 15:07:35: === Change Password Script Started ===
2025-09-08 15:07:35: PDO connection established successfully
2025-09-08 15:07:35: Raw input data: {"action":"request_otp","user_id":140}
2025-09-08 15:07:35: Decoded data: Array
(
    [action] => request_otp
    [user_id] => 140
)

2025-09-08 15:07:35: Action requested: request_otp
2025-09-08 15:07:35: Processing request_otp action
2025-09-08 15:07:35: Requesting password change OTP for user_id: 140
2025-09-08 15:07:35: User found for password change request: jasonaseoche6@gmail.com
2025-09-08 15:07:35: Generated password change OTP: 716483, expires: 2025-09-08 15:17:35
2025-09-08 15:07:35: Password change OTP updated in database
2025-09-08 15:07:35: Attempting to send password change OTP to: jasonaseoche6@gmail.com
2025-09-08 15:07:36: Password change OTP email failed: SMTP Error: Could not authenticate.
2025-09-08 15:07:36: Exception details: SMTP Error: Could not authenticate.
2025-09-08 15:07:36: === Change Password Script Completed ===
2025-09-08 15:07:41: === Change Password Script Started ===
2025-09-08 15:07:41: OPTIONS request received
2025-09-08 15:07:41: === Change Password Script Started ===
2025-09-08 15:07:41: PDO connection established successfully
2025-09-08 15:07:41: Raw input data: {"action":"request_otp","user_id":140}
2025-09-08 15:07:41: Decoded data: Array
(
    [action] => request_otp
    [user_id] => 140
)

2025-09-08 15:07:41: Action requested: request_otp
2025-09-08 15:07:41: Processing request_otp action
2025-09-08 15:07:41: Requesting password change OTP for user_id: 140
2025-09-08 15:07:41: User found for password change request: jasonaseoche6@gmail.com
2025-09-08 15:07:41: Generated password change OTP: 617144, expires: 2025-09-08 15:17:41
2025-09-08 15:07:41: Password change OTP updated in database
2025-09-08 15:07:41: Attempting to send password change OTP to: jasonaseoche6@gmail.com
2025-09-08 15:07:43: Password change OTP email failed: SMTP Error: Could not authenticate.
2025-09-08 15:07:43: Exception details: SMTP Error: Could not authenticate.
2025-09-08 15:07:43: === Change Password Script Completed ===
2025-09-08 15:09:39: === Change Password Script Started ===
2025-09-08 15:09:39: OPTIONS request received
2025-09-08 15:09:39: === Change Password Script Started ===
2025-09-08 15:09:39: PDO connection established successfully
2025-09-08 15:09:39: Raw input data: {"action":"request_otp","user_id":140}
2025-09-08 15:09:39: Decoded data: Array
(
    [action] => request_otp
    [user_id] => 140
)

2025-09-08 15:09:39: Action requested: request_otp
2025-09-08 15:09:39: Processing request_otp action
2025-09-08 15:09:39: Requesting password change OTP for user_id: 140
2025-09-08 15:09:39: User found for password change request: jasonaseoche6@gmail.com
2025-09-08 15:09:39: Generated password change OTP: 900522, expires: 2025-09-08 15:19:39
2025-09-08 15:09:39: Password change OTP updated in database
2025-09-08 15:09:39: Attempting to send password change OTP to: jasonaseoche6@gmail.com
2025-09-08 15:09:42: Password change OTP email failed: SMTP Error: Could not authenticate.
2025-09-08 15:09:42: Exception details: SMTP Error: Could not authenticate.
2025-09-08 15:09:42: === Change Password Script Completed ===
2025-09-08 15:10:17: === Change Password Script Started ===
2025-09-08 15:10:17: OPTIONS request received
2025-09-08 15:10:17: === Change Password Script Started ===
2025-09-08 15:10:17: PDO connection established successfully
2025-09-08 15:10:17: Raw input data: {"action":"request_otp","user_id":140}
2025-09-08 15:10:17: Decoded data: Array
(
    [action] => request_otp
    [user_id] => 140
)

2025-09-08 15:10:17: Action requested: request_otp
2025-09-08 15:10:17: Processing request_otp action
2025-09-08 15:10:17: Requesting password change OTP for user_id: 140
2025-09-08 15:10:17: User found for password change request: jasonaseoche6@gmail.com
2025-09-08 15:10:17: Generated password change OTP: 473358, expires: 2025-09-08 15:20:17
2025-09-08 15:10:17: Password change OTP updated in database
2025-09-08 15:10:17: Attempting to send password change OTP to: jasonaseoche6@gmail.com
2025-09-08 15:10:19: Password change OTP email failed: SMTP Error: Could not authenticate.
2025-09-08 15:10:19: Exception details: SMTP Error: Could not authenticate.
2025-09-08 15:10:19: === Change Password Script Completed ===
2025-09-08 15:12:34: === Change Password Script Started ===
2025-09-08 15:12:34: OPTIONS request received
2025-09-08 15:12:34: === Change Password Script Started ===
2025-09-08 15:12:34: PDO connection established successfully
2025-09-08 15:12:34: Raw input data: {"action":"request_otp","user_id":140}
2025-09-08 15:12:34: Decoded data: Array
(
    [action] => request_otp
    [user_id] => 140
)

2025-09-08 15:12:34: Action requested: request_otp
2025-09-08 15:12:34: Processing request_otp action
2025-09-08 15:12:34: Requesting password change OTP for user_id: 140
2025-09-08 15:12:34: User found for password change request: jasonaseoche6@gmail.com
2025-09-08 15:12:34: Generated password change OTP: 238339, expires: 2025-09-08 15:22:34
2025-09-08 15:12:34: Password change OTP updated in database
2025-09-08 15:12:34: Attempting to send password change OTP to: jasonaseoche6@gmail.com
2025-09-08 15:12:36: Password change OTP email failed: SMTP Error: Could not authenticate.
2025-09-08 15:12:36: Exception details: SMTP Error: Could not authenticate.
2025-09-08 15:12:36: === Change Password Script Completed ===
2025-09-08 15:13:47: === Change Password Script Started ===
2025-09-08 15:13:47: OPTIONS request received
2025-09-08 15:13:47: === Change Password Script Started ===
2025-09-08 15:13:47: PDO connection established successfully
2025-09-08 15:13:47: Raw input data: {"action":"request_otp","user_id":140}
2025-09-08 15:13:47: Decoded data: Array
(
    [action] => request_otp
    [user_id] => 140
)

2025-09-08 15:13:47: Action requested: request_otp
2025-09-08 15:13:47: Processing request_otp action
2025-09-08 15:13:47: Requesting password change OTP for user_id: 140
2025-09-08 15:13:47: User found for password change request: jasonaseoche6@gmail.com
2025-09-08 15:13:47: Generated password change OTP: 193699, expires: 2025-09-08 15:23:47
2025-09-08 15:13:47: Password change OTP updated in database
2025-09-08 15:13:47: Attempting to send password change OTP to: jasonaseoche6@gmail.com
2025-09-08 15:13:49: Password change OTP email failed: SMTP Error: Could not authenticate.
2025-09-08 15:13:49: Exception details: SMTP Error: Could not authenticate.
2025-09-08 15:13:49: === Change Password Script Completed ===
2025-09-08 15:14:51: === Change Password Script Started ===
2025-09-08 15:14:51: OPTIONS request received
2025-09-08 15:14:51: === Change Password Script Started ===
2025-09-08 15:14:51: PDO connection established successfully
2025-09-08 15:14:51: Raw input data: {"action":"request_otp","user_id":140}
2025-09-08 15:14:51: Decoded data: Array
(
    [action] => request_otp
    [user_id] => 140
)

2025-09-08 15:14:51: Action requested: request_otp
2025-09-08 15:14:51: Processing request_otp action
2025-09-08 15:14:51: Requesting password change OTP for user_id: 140
2025-09-08 15:14:51: User found for password change request: jasonaseoche6@gmail.com
2025-09-08 15:14:51: Generated password change OTP: 917289, expires: 2025-09-08 15:24:51
2025-09-08 15:14:51: Password change OTP updated in database
2025-09-08 15:14:51: Attempting to send password change OTP to: jasonaseoche6@gmail.com
2025-09-08 15:14:53: Password change OTP email failed: SMTP Error: Could not authenticate.
2025-09-08 15:14:53: Exception details: SMTP Error: Could not authenticate.
2025-09-08 15:14:53: === Change Password Script Completed ===
2025-09-08 15:19:32: === Change Password Script Started ===
2025-09-08 15:19:32: OPTIONS request received
2025-09-08 15:19:32: === Change Password Script Started ===
2025-09-08 15:19:32: PDO connection established successfully
2025-09-08 15:19:32: Raw input data: {"action":"request_otp","user_id":140}
2025-09-08 15:19:32: Decoded data: Array
(
    [action] => request_otp
    [user_id] => 140
)

2025-09-08 15:19:32: Action requested: request_otp
2025-09-08 15:19:32: Processing request_otp action
2025-09-08 15:19:32: Requesting password change OTP for user_id: 140
2025-09-08 15:19:32: User found for password change request: jasonaseoche6@gmail.com
2025-09-08 15:19:32: Generated password change OTP: 543652, expires: 2025-09-08 15:29:32
2025-09-08 15:19:32: Password change OTP updated in database
2025-09-08 15:19:32: Attempting to send password change OTP to: jasonaseoche6@gmail.com
2025-09-08 15:19:34: Password change OTP email failed: SMTP Error: Could not authenticate.
2025-09-08 15:19:34: Exception details: SMTP Error: Could not authenticate.
2025-09-08 15:19:34: === Change Password Script Completed ===
2025-09-08 15:21:20: === Change Password Script Started ===
2025-09-08 15:21:20: OPTIONS request received
2025-09-08 15:21:20: === Change Password Script Started ===
2025-09-08 15:21:20: PDO connection established successfully
2025-09-08 15:21:20: Raw input data: {"action":"request_otp","user_id":140}
2025-09-08 15:21:20: Decoded data: Array
(
    [action] => request_otp
    [user_id] => 140
)

2025-09-08 15:21:20: Action requested: request_otp
2025-09-08 15:21:20: Processing request_otp action
2025-09-08 15:21:20: Requesting password change OTP for user_id: 140
2025-09-08 15:21:20: User found for password change request: jasonaseoche6@gmail.com
2025-09-08 15:21:20: Generated password change OTP: 072143, expires: 2025-09-08 15:31:20
2025-09-08 15:21:20: Password change OTP updated in database
2025-09-08 15:21:20: Attempting to send password change OTP to: jasonaseoche6@gmail.com
2025-09-08 15:21:22: Password change OTP email failed: SMTP Error: Could not authenticate.
2025-09-08 15:21:22: Exception details: SMTP Error: Could not authenticate.
2025-09-08 15:21:22: === Change Password Script Completed ===
2025-09-08 15:22:59: === Change Password Script Started ===
2025-09-08 15:22:59: OPTIONS request received
2025-09-08 15:22:59: === Change Password Script Started ===
2025-09-08 15:22:59: PDO connection established successfully
2025-09-08 15:22:59: Raw input data: {"action":"request_otp","user_id":140}
2025-09-08 15:22:59: Decoded data: Array
(
    [action] => request_otp
    [user_id] => 140
)

2025-09-08 15:22:59: Action requested: request_otp
2025-09-08 15:22:59: Processing request_otp action
2025-09-08 15:22:59: Requesting password change OTP for user_id: 140
2025-09-08 15:22:59: User found for password change request: jasonaseoche6@gmail.com
2025-09-08 15:22:59: Generated password change OTP: 018952, expires: 2025-09-08 15:32:59
2025-09-08 15:22:59: Password change OTP updated in database
2025-09-08 15:22:59: Attempting to send password change OTP to: jasonaseoche6@gmail.com
2025-09-08 15:23:03: Password change OTP email sent successfully to: jasonaseoche6@gmail.com
2025-09-08 15:23:03: === Change Password Script Completed ===
2025-09-08 15:23:13: === Change Password Script Started ===
2025-09-08 15:23:13: OPTIONS request received
2025-09-08 15:23:13: === Change Password Script Started ===
2025-09-08 15:23:13: PDO connection established successfully
2025-09-08 15:23:13: Raw input data: {"action":"verify_otp","user_id":140,"otp":"018952"}
2025-09-08 15:23:13: Decoded data: Array
(
    [action] => verify_otp
    [user_id] => 140
    [otp] => 018952
)

2025-09-08 15:23:13: Action requested: verify_otp
2025-09-08 15:23:13: Processing verify_otp action for password change
2025-09-08 15:23:13: Verifying password change OTP for user_id: 140, OTP: '018952'
2025-09-08 15:23:13: User found for OTP verification: jasonaseoche6@gmail.com
2025-09-08 15:23:13: Stored OTP: '018952'
2025-09-08 15:23:13: Entered OTP: '018952'
2025-09-08 15:23:13: Expiry time: 2025-09-08 15:32:59
2025-09-08 15:23:13: Current time: 2025-09-08 15:23:13
2025-09-08 15:23:13: OTP matches: YES
2025-09-08 15:23:13: Is expired: NO
2025-09-08 15:23:13: Password change OTP verified successfully for user: jasonaseoche6@gmail.com
2025-09-08 15:23:13: === Change Password Script Completed ===
2025-09-08 15:23:23: === Change Password Script Started ===
2025-09-08 15:23:23: OPTIONS request received
2025-09-08 15:23:23: === Change Password Script Started ===
2025-09-08 15:23:23: PDO connection established successfully
2025-09-08 15:23:23: Raw input data: {"action":"change_password","user_id":140,"current_password":"dfsfds","new_password":"Jason123"}
2025-09-08 15:23:23: Decoded data: Array
(
    [action] => change_password
    [user_id] => 140
    [current_password] => dfsfds
    [new_password] => Jason123
)

2025-09-08 15:23:23: Action requested: change_password
2025-09-08 15:23:23: Processing change_password action
2025-09-08 15:23:23: Changing password for user_id: 140
2025-09-08 15:23:23: User found for password change: jasonaseoche6@gmail.com
2025-09-08 15:23:23: Current password verification failed
2025-09-08 15:23:23: === Change Password Script Completed ===
2025-09-08 15:23:27: === Change Password Script Started ===
2025-09-08 15:23:27: PDO connection established successfully
2025-09-08 15:23:27: Raw input data: {"action":"change_password","user_id":140,"current_password":"123","new_password":"Jason123"}
2025-09-08 15:23:27: Decoded data: Array
(
    [action] => change_password
    [user_id] => 140
    [current_password] => 123
    [new_password] => Jason123
)

2025-09-08 15:23:27: Action requested: change_password
2025-09-08 15:23:27: Processing change_password action
2025-09-08 15:23:27: Changing password for user_id: 140
2025-09-08 15:23:27: User found for password change: jasonaseoche6@gmail.com
2025-09-08 15:23:27: Current password verification failed
2025-09-08 15:23:27: === Change Password Script Completed ===
2025-09-08 15:23:40: === Change Password Script Started ===
2025-09-08 15:23:40: OPTIONS request received
2025-09-08 15:23:40: === Change Password Script Started ===
2025-09-08 15:23:40: PDO connection established successfully
2025-09-08 15:23:40: Raw input data: {"action":"change_password","user_id":140,"current_password":"123","new_password":"Jason123"}
2025-09-08 15:23:40: Decoded data: Array
(
    [action] => change_password
    [user_id] => 140
    [current_password] => 123
    [new_password] => Jason123
)

2025-09-08 15:23:40: Action requested: change_password
2025-09-08 15:23:40: Processing change_password action
2025-09-08 15:23:40: Changing password for user_id: 140
2025-09-08 15:23:40: User found for password change: jasonaseoche6@gmail.com
2025-09-08 15:23:40: Current password verification failed
2025-09-08 15:23:40: === Change Password Script Completed ===
2025-09-08 15:23:51: === Change Password Script Started ===
2025-09-08 15:23:51: OPTIONS request received
2025-09-08 15:23:51: === Change Password Script Started ===
2025-09-08 15:23:51: PDO connection established successfully
2025-09-08 15:23:51: Raw input data: {"action":"change_password","user_id":140,"current_password":"123","new_password":"Jason123"}
2025-09-08 15:23:51: Decoded data: Array
(
    [action] => change_password
    [user_id] => 140
    [current_password] => 123
    [new_password] => Jason123
)

2025-09-08 15:23:51: Action requested: change_password
2025-09-08 15:23:51: Processing change_password action
2025-09-08 15:23:51: Changing password for user_id: 140
2025-09-08 15:23:51: User found for password change: jasonaseoche6@gmail.com
2025-09-08 15:23:51: Current password verification failed
2025-09-08 15:23:51: === Change Password Script Completed ===
2025-09-08 15:23:53: === Change Password Script Started ===
2025-09-08 15:23:53: PDO connection established successfully
2025-09-08 15:23:53: Raw input data: {"action":"change_password","user_id":140,"current_password":"123","new_password":"Jason123"}
2025-09-08 15:23:53: Decoded data: Array
(
    [action] => change_password
    [user_id] => 140
    [current_password] => 123
    [new_password] => Jason123
)

2025-09-08 15:23:53: Action requested: change_password
2025-09-08 15:23:53: Processing change_password action
2025-09-08 15:23:53: Changing password for user_id: 140
2025-09-08 15:23:53: User found for password change: jasonaseoche6@gmail.com
2025-09-08 15:23:53: Current password verification failed
2025-09-08 15:23:53: === Change Password Script Completed ===
2025-09-08 15:23:53: === Change Password Script Started ===
2025-09-08 15:23:53: PDO connection established successfully
2025-09-08 15:23:53: Raw input data: {"action":"change_password","user_id":140,"current_password":"123","new_password":"Jason123"}
2025-09-08 15:23:53: Decoded data: Array
(
    [action] => change_password
    [user_id] => 140
    [current_password] => 123
    [new_password] => Jason123
)

2025-09-08 15:23:53: Action requested: change_password
2025-09-08 15:23:53: Processing change_password action
2025-09-08 15:23:53: Changing password for user_id: 140
2025-09-08 15:23:53: User found for password change: jasonaseoche6@gmail.com
2025-09-08 15:23:53: Current password verification failed
2025-09-08 15:23:53: === Change Password Script Completed ===
2025-09-08 15:23:53: === Change Password Script Started ===
2025-09-08 15:23:53: PDO connection established successfully
2025-09-08 15:23:53: Raw input data: {"action":"change_password","user_id":140,"current_password":"123","new_password":"Jason123"}
2025-09-08 15:23:53: Decoded data: Array
(
    [action] => change_password
    [user_id] => 140
    [current_password] => 123
    [new_password] => Jason123
)

2025-09-08 15:23:53: Action requested: change_password
2025-09-08 15:23:53: Processing change_password action
2025-09-08 15:23:53: Changing password for user_id: 140
2025-09-08 15:23:53: User found for password change: jasonaseoche6@gmail.com
2025-09-08 15:23:53: Current password verification failed
2025-09-08 15:23:53: === Change Password Script Completed ===
2025-09-08 15:24:05: === Change Password Script Started ===
2025-09-08 15:24:05: OPTIONS request received
2025-09-08 15:24:05: === Change Password Script Started ===
2025-09-08 15:24:05: PDO connection established successfully
2025-09-08 15:24:05: Raw input data: {"action":"change_password","user_id":140,"current_password":"Jason@1009","new_password":"Jason123"}
2025-09-08 15:24:05: Decoded data: Array
(
    [action] => change_password
    [user_id] => 140
    [current_password] => Jason@1009
    [new_password] => Jason123
)

2025-09-08 15:24:05: Action requested: change_password
2025-09-08 15:24:05: Processing change_password action
2025-09-08 15:24:05: Changing password for user_id: 140
2025-09-08 15:24:05: User found for password change: jasonaseoche6@gmail.com
2025-09-08 15:24:05: Current password verification failed
2025-09-08 15:24:05: === Change Password Script Completed ===
2025-09-08 15:24:55: === Change Password Script Started ===
2025-09-08 15:24:55: OPTIONS request received
2025-09-08 15:24:55: === Change Password Script Started ===
2025-09-08 15:24:55: PDO connection established successfully
2025-09-08 15:24:55: Raw input data: {"action":"request_otp","user_id":140}
2025-09-08 15:24:55: Decoded data: Array
(
    [action] => request_otp
    [user_id] => 140
)

2025-09-08 15:24:55: Action requested: request_otp
2025-09-08 15:24:56: Processing request_otp action
2025-09-08 15:24:56: Requesting password change OTP for user_id: 140
2025-09-08 15:24:56: User found for password change request: jasonaseoche6@gmail.com
2025-09-08 15:24:56: Generated password change OTP: 417427, expires: 2025-09-08 15:34:56
2025-09-08 15:24:56: Password change OTP updated in database
2025-09-08 15:24:56: Attempting to send password change OTP to: jasonaseoche6@gmail.com
2025-09-08 15:24:59: Password change OTP email sent successfully to: jasonaseoche6@gmail.com
2025-09-08 15:24:59: === Change Password Script Completed ===
2025-09-08 15:25:06: === Change Password Script Started ===
2025-09-08 15:25:06: OPTIONS request received
2025-09-08 15:25:06: === Change Password Script Started ===
2025-09-08 15:25:06: PDO connection established successfully
2025-09-08 15:25:06: Raw input data: {"action":"verify_otp","user_id":140,"otp":"417427"}
2025-09-08 15:25:06: Decoded data: Array
(
    [action] => verify_otp
    [user_id] => 140
    [otp] => 417427
)

2025-09-08 15:25:06: Action requested: verify_otp
2025-09-08 15:25:06: Processing verify_otp action for password change
2025-09-08 15:25:06: Verifying password change OTP for user_id: 140, OTP: '417427'
2025-09-08 15:25:06: User found for OTP verification: jasonaseoche6@gmail.com
2025-09-08 15:25:06: Stored OTP: '417427'
2025-09-08 15:25:06: Entered OTP: '417427'
2025-09-08 15:25:06: Expiry time: 2025-09-08 15:34:56
2025-09-08 15:25:06: Current time: 2025-09-08 15:25:06
2025-09-08 15:25:06: OTP matches: YES
2025-09-08 15:25:06: Is expired: NO
2025-09-08 15:25:06: Password change OTP verified successfully for user: jasonaseoche6@gmail.com
2025-09-08 15:25:06: === Change Password Script Completed ===
2025-09-08 15:25:25: === Change Password Script Started ===
2025-09-08 15:25:25: OPTIONS request received
2025-09-08 15:25:25: === Change Password Script Started ===
2025-09-08 15:25:25: PDO connection established successfully
2025-09-08 15:25:25: Raw input data: {"action":"change_password","user_id":140,"current_password":"Jason@1009","new_password":"Jason@100903"}
2025-09-08 15:25:25: Decoded data: Array
(
    [action] => change_password
    [user_id] => 140
    [current_password] => Jason@1009
    [new_password] => Jason@100903
)

2025-09-08 15:25:25: Action requested: change_password
2025-09-08 15:25:25: Processing change_password action
2025-09-08 15:25:25: Changing password for user_id: 140
2025-09-08 15:25:25: User found for password change: jasonaseoche6@gmail.com
2025-09-08 15:25:25: Current password verified successfully
2025-09-08 15:25:25: Stored password: Jason@1009...
2025-09-08 15:25:25: Current password provided: Jason@1009
2025-09-08 15:25:25: Password verify result: FALSE
2025-09-08 15:25:25: Password updated successfully for user: jasonaseoche6@gmail.com
2025-09-08 15:25:25: === Change Password Script Completed ===
2025-10-24 09:27:19: === Change Password Script Started ===
2025-10-24 09:27:19: OPTIONS request received
2025-10-24 09:27:19: === Change Password Script Started ===
2025-10-24 09:27:19: Raw input data: {"action":"change_password","user_id":153,"current_password":"Jason@100903","new_password":"Jason123","is_first_login":true,"bypass_current_check":true}
2025-10-24 09:27:19: Decoded data: Array
(
    [action] => change_password
    [user_id] => 153
    [current_password] => Jason@100903
    [new_password] => Jason123
    [is_first_login] => 1
    [bypass_current_check] => 1
)

2025-10-24 09:27:19: Action requested: change_password
2025-10-24 09:27:19: Processing change_password action
2025-10-24 09:27:19: Changing password for user_id: 153
2025-10-24 09:27:19: Is first login: YES
2025-10-24 09:27:19: Bypass current check: YES
2025-10-24 09:27:19: User found for password change: app1@gmail.com
2025-10-24 09:27:19: User change_pass_status: Not Yet
2025-10-24 09:27:19: Bypassing current password check (first login or bypass flag set)
2025-10-24 09:27:19: Proceeding with password update
2025-10-24 09:27:19: New password hashed successfully
2025-10-24 09:27:19: Updating password and setting change_pass_status to 'Changed'
2025-10-24 09:27:19: Password updated successfully for user: app1@gmail.com
2025-10-24 09:27:19: === Change Password Script Completed ===
